<?xml version="1.0" encoding="UTF-8"?>
<!-- Generated by org.testng.reporters.JUnitReportReporter -->
<testsuite hostname="active35-Vostro-3800" failures="0" tests="3" name="test.Putpatchdelete" time="3.397" errors="0" timestamp="2023-03-24T18:00:26 IST" skipped="0">
  <testcase classname="test.Putpatchdelete" name="deletemethod" time="2.467"/>
  <system-out/>
  <testcase classname="test.Putpatchdelete" name="putmethod" time="0.468"/>
  <system-out/>
  <testcase classname="test.Putpatchdelete" name="patchmethod" time="0.462"/>
  <system-out/>
</testsuite> <!-- test.Putpatchdelete -->
