<?xml version="1.0" encoding="UTF-8"?>
<!-- Generated by org.testng.reporters.JUnitReportReporter -->
<testsuite hostname="active35-Vostro-3800" failures="0" tests="2" name="test.GetPostMethod" time="2.896" errors="0" timestamp="2023-03-24T15:35:36 IST" skipped="0">
  <testcase classname="test.GetPostMethod" name="getmethod" time="2.377"/>
  <system-out/>
  <testcase classname="test.GetPostMethod" name="getpost" time="0.519"/>
  <system-out/>
</testsuite> <!-- test.GetPostMethod -->
