<?xml version="1.0" encoding="UTF-8"?>
<!-- Generated by org.testng.reporters.JUnitReportReporter -->
<testsuite hostname="active35-Vostro-3800" failures="0" tests="2" name="test.Firstmethod" time="2.283" errors="0" timestamp="2023-03-23T18:10:11 IST" skipped="0">
  <testcase classname="test.Firstmethod" name="getmethod2" time="0.630"/>
  <system-out/>
  <testcase classname="test.Firstmethod" name="getmethod" time="1.653"/>
  <system-out/>
</testsuite> <!-- test.Firstmethod -->
